  TimeWindow  Iteration  ResRel(Solid-Mesh:Displacement)  ResRel(Solid-Mesh:Force)
     1       1              inf   1.00000000e+00
     1       2   1.00000000e+00   8.00000000e-01
     1       3   9.41176471e-01   5.62342819e-03
     1       4   4.65220766e-03   9.74458191e-02
     1       5   1.90994998e-02   7.61412696e-02
     1       6   1.37357319e-04   3.21898814e-03
     2       1   6.89408320e-01   3.89899921e+00
     2       2   9.83206724e-02   4.22365306e-02
     2       3   4.17705224e-03   3.24900692e-02
     2       4   4.02959606e-04   3.69843529e-03
     3       1   2.81317238e-01   7.02207725e-01
     3       2   1.21472636e-03   4.11508638e-02
     3       3   1.25953146e-03   5.76172997e-03
     3       4   3.67349709e-05   1.81459572e-04
     4       1   1.93976679e-01   4.26672793e-01
     4       2   1.46954372e-03   2.65941408e-02
     4       3   1.14886072e-03   2.94164587e-03
     5       1   1.57667437e-01   3.58155885e-01
     5       2   1.84661330e-03   4.39040488e-02
     5       3   1.96126629e-04   7.25149505e-04
     6       1   1.28821423e-01   4.71743224e-01
     6       2   4.83629737e-04   1.86308966e-02
     6       3   5.57500971e-05   2.63681454e-03
     7       1   1.10676605e-01   4.67587478e-01
     7       2   2.46144415e-04   1.66077874e-02
     7       3   1.96490747e-05   3.39841584e-04
     8       1   9.86094440e-02   4.84943431e-01
     8       2   1.03430925e-04   9.60539804e-03
     8       3   1.17448496e-04   8.81209848e-04
     9       1   8.84147884e-02   5.34027876e-01
     9       2   1.00363965e-04   2.03727958e-02
     9       3   3.68545457e-05   4.76886896e-04
    10       1   8.10666198e-02   5.25573661e-01
    10       2   3.16597018e-05   2.00907655e-02
    10       3   8.27186879e-06   4.29350936e-04
    11       1   7.45724166e-02   5.33257632e-01
    11       2   4.25176344e-05   9.03300599e-03
    11       3   2.53707388e-06   2.10911836e-04
    12       1   6.84211257e-02   5.31204814e-01
    12       2   2.67190000e-05   1.18328233e-02
    12       3   4.55021004e-06   1.19327286e-04
    13       1   6.25453503e-02   5.33111376e-01
    13       2   1.80994175e-05   2.12874385e-03
    14       1   5.63173811e-02   5.14632560e-01
    14       2   4.81716304e-05   5.29184148e-03
    14       3   4.26803899e-06   2.05315633e-04
    15       1   5.03240536e-02   4.95781055e-01
    15       2   2.98784072e-05   2.59465335e-03
    16       1   4.71474756e-02   4.97056495e-01
    16       2   1.29115578e-05   5.52064760e-03
    16       3   1.72982433e-06   4.68559255e-04
    17       1   4.49115131e-02   5.11239849e-01
    17       2   2.76986711e-05   3.44487679e-03
    18       1   4.29046863e-02   5.13708571e-01
    18       2   1.18557333e-05   5.64640426e-03
    18       3   3.46819693e-06   1.84130567e-04
    19       1   4.13532909e-02   5.13685045e-01
    19       2   3.39846912e-05   1.86003055e-03
    20       1   4.01937072e-02   5.28780148e-01
    20       2   3.92433406e-05   3.39944955e-03
    21       1   3.94737096e-02   5.54649413e-01
    21       2   4.86764291e-05   3.62240210e-03
    22       1   3.80169194e-02   5.71875108e-01
    22       2   2.74989135e-05   6.08874463e-03
    22       3   6.79046535e-06   1.82480138e-04
    23       1   3.61064226e-02   5.53494516e-01
    23       2   9.32221548e-06   2.13896779e-03
    24       1   3.57124750e-02   5.29131366e-01
    24       2   2.77414094e-05   2.32339926e-03
    25       1   3.59916188e-02   5.53776066e-01
    25       2   4.48001291e-05   9.00913836e-04
    26       1   3.46168855e-02   5.75623632e-01
    26       2   3.73417530e-05   3.26237962e-03
    27       1   3.29349415e-02   5.36218537e-01
    27       2   3.85926836e-06   7.56856898e-04
    28       1   3.18269458e-02   5.02710753e-01
    28       2   9.62628227e-06   8.19277902e-04
    29       1   3.09125907e-02   5.23545763e-01
    29       2   3.10623213e-05   1.72625183e-03
    30       1   3.02988973e-02   5.53005476e-01
    30       2   1.23532837e-05   5.84806256e-04
    31       1   2.99598369e-02   5.60515255e-01
    31       2   3.81165529e-06   5.27043227e-04
    32       1   2.98640686e-02   5.71094016e-01
    32       2   9.26549118e-06   2.00850323e-03
    33       1   2.92617062e-02   5.89585737e-01
    33       2   1.40331716e-05   2.91035387e-03
    34       1   2.74340547e-02   5.91827477e-01
    34       2   1.78568133e-06   2.52991660e-03
    35       1   2.49081932e-02   5.61370553e-01
    35       2   7.30642255e-06   1.22382929e-03
    36       1   2.28212823e-02   5.04292799e-01
    36       2   1.67980629e-05   1.51498056e-03
    37       1   2.23906331e-02   4.54309550e-01
    37       2   4.06009711e-05   8.27951817e-03
    37       3   9.43075101e-06   2.04160651e-04
    38       1   2.27828571e-02   4.60123109e-01
    38       2   1.44615938e-05   1.27385665e-03
    39       1   2.27481460e-02   5.10756271e-01
    39       2   4.29024868e-05   1.33055450e-03
    40       1   2.48015556e-02   5.86106377e-01
    40       2   1.11239699e-05   3.18292415e-03
    41       1   2.98202993e-02   6.97543291e-01
    41       2   4.57804249e-05   4.24367838e-03
    42       1   3.57388190e-02   8.25909760e-01
    42       2   2.23921516e-05   2.80937501e-03
    43       1   3.93402068e-02   9.14925738e-01
    43       2   4.28179091e-05   6.02863659e-03
    43       3   9.08120494e-06   4.59686568e-04
    44       1   3.54427789e-02   8.92199631e-01
    44       2   3.51961791e-05   2.40824461e-03
    45       1   2.45823908e-02   7.01470725e-01
    45       2   7.37982461e-06   2.79415985e-03
    46       1   1.83560121e-02   3.37220264e-01
    46       2   1.00836269e-05   1.11973098e-03
    47       1   1.71485479e-02   5.98407095e-01
    47       2   8.79219365e-06   1.99630814e-03
    48       1   8.99550855e-03   7.50473883e-01
    48       2   3.92162111e-05   1.45177525e-03
    49       1   1.37090525e-02   1.10173912e-01
    49       2   5.68902847e-05   3.35458150e-03
    50       1   1.92880027e-02   7.07603580e-01
    50       2   3.71075839e-05   3.37049928e-03
    51       1   1.34810819e-02   7.63218582e-01
    51       2   2.14968499e-05   2.63656782e-03
    52       1   9.30014165e-03   4.96744618e-01
    52       2   4.24592720e-05   3.38465814e-03
    53       1   1.05680328e-02   3.41416674e-01
    53       2   2.14462648e-05   2.50160878e-03
    54       1   1.59141276e-02   4.29938336e-01
    54       2   2.18610289e-05   2.84971095e-03
    55       1   2.02368406e-02   7.07676299e-01
    55       2   1.80604835e-05   2.85712669e-03
    56       1   2.02369509e-02   8.15352739e-01
    56       2   2.29853122e-05   4.90720599e-03
    57       1   2.11275049e-02   7.27748894e-01
    57       2   7.22583751e-06   3.47743068e-03
    58       1   2.27115849e-02   6.47040959e-01
    58       2   4.59368580e-06   2.89803427e-03
    59       1   2.59943880e-02   7.04042833e-01
    59       2   1.23675075e-05   3.25177584e-03
    60       1   2.83532325e-02   8.32763427e-01
    60       2   2.06589706e-05   3.15000447e-03
    61       1   2.79096558e-02   8.44568198e-01
    61       2   9.70718950e-06   2.25405360e-03
    62       1   2.71490073e-02   7.59121797e-01
    62       2   1.24511721e-04   5.26932979e-01
    62       3   7.32732624e-06   6.27881585e-01
    62       4   7.23825410e-06   4.89865030e-01
    62       5   2.04446647e-05   4.12883926e-01
    62       6   2.29221611e-06   5.49331722e-01
    62       7   2.15462789e-06   5.42104380e-01
    62       8   9.50046583e-07   3.87184522e-01
    62       9   1.76936826e-06   4.98901005e-01
    62      10   2.83583316e-07   9.92435359e-01
    62      11   1.16927673e-07   3.81762442e-01
    62      12   1.26652686e-07   6.16802486e-01
    62      13   1.48537620e-07   4.41755762e-01
    62      14   2.97697502e-07   6.46070477e-01
    62      15   3.99362873e-07   7.04327416e-01
    62      16   2.54118460e-06   9.44125639e-01
    62      17   9.18114124e-06   3.85877928e-01
    62      18   7.38741558e-06   4.02282800e-01
    62      19   1.74626259e-07   3.84363682e-01
    62      20   4.11976354e-07   4.18737151e-01
    62      21   2.34187076e-07   6.39380301e-01
    62      22   2.02386284e-06   8.49657372e-01
    62      23   3.30884482e-07   1.00445675e+00
    62      24   2.63234728e-07   1.86860635e+00
    62      25   2.76561262e-07   7.62767755e-01
    62      26   3.22049152e-08   6.61348248e-01
    62      27   2.55117888e-08   6.46202124e-01
    62      28   3.46493965e-08   5.71104269e-01
    62      29   1.16549201e-08   5.76478745e-01
    62      30   1.23866758e-08   5.73979642e-01
    62      31   7.73539552e-07   7.85372923e-01
    62      32   1.26173169e-07   1.20323007e+00
    62      33   5.48747564e-07   3.88781060e-01
    62      34   7.73346106e-07   3.21284014e+00
    62      35   6.93337335e-08   6.28582834e-01
    62      36   9.00097854e-08   5.79914850e-01
    62      37   2.95397120e-06   9.50920961e-01
    62      38   3.08686878e-08   5.48235786e-01
    62      39   2.32643656e-08   4.45876189e-01
    62      40   7.36580149e-07   5.38695512e-01
    62      41   5.91285619e-07   8.00382199e-01
    62      42   2.80178470e-08   4.46759700e-01
    62      43   1.90412322e-08   4.93493011e-01
    62      44   1.39063790e-08   4.74823655e-01
    62      45   1.38431938e-06   8.10353256e-01
    62      46   1.84598517e-08   5.54781140e-01
    62      47   2.11089834e-08   6.42494471e-01
    62      48   1.48760480e-08   6.40071047e-01
    62      49   2.56973539e-08   6.40797246e-01
    62      50   1.69575473e-08   6.47437138e-01
    63       1   2.79412256e-02   7.77073350e-01
    63       2   3.21391145e-05   2.13725978e+01
    63       3   3.18692370e-05   2.86343942e-02
    63       4   1.47455675e-06   1.04536186e+00
    63       5   4.15068305e-07   2.78716687e-01
    63       6   6.72856049e-07   1.55903170e-02
    63       7   2.56845037e-08   1.13216028e-03
    64       1   2.62187631e-02   1.00000000e+00