appdirs==1.4.4
asttokens==2.4.1
attrs==21.2.0
beautifulsoup4==4.10.0
beniget==0.4.1
blinker==1.4
Brotli==1.0.9
chardet==4.0.0
cryptography==3.4.8
cycler==0.11.0
Cython==0.29.32
dbus-python==1.2.18
decorator==4.4.2
distro==1.7.0
distro-info==1.1+ubuntu0.2
exceptiongroup==1.2.1
executing==2.0.1
fenics-dijitso @ file:///src/dijitso
fenics-dolfin @ file:///src/dolfin/python
fenics-ffc @ file:///src/ffc
fenics-fiat @ file:///src/fiat
fenics-ufl-legacy @ file:///src/ufl-legacy
fenicsprecice==2.2.0
fonttools==4.29.1
fs==2.4.12
gast==0.5.2
gmsh==4.12.2.dev1
h5py==3.11.0
html5lib==1.1
httplib2==0.20.2
importlib-metadata==4.6.4
iniconfig==2.0.0
ipython==8.24.0
jedi==0.19.1
jeepney==0.7.1
keyring==23.5.0
kiwisolver==1.3.2
launchpadlib==1.10.16
lazr.restfulclient==0.14.4
lazr.uri==1.0.6
lxml==4.8.0
lz4==3.1.3+dfsg
markdown-it-py==3.0.0
matplotlib==3.5.1
matplotlib-inline==0.1.7
mdurl==0.1.2
meshio==5.3.5
more-itertools==8.10.0
mpi4py==3.1.6
mpmath==0.0.0
numpy==1.21.5
oauthlib==3.2.0
olefile==0.46
packaging==21.3
parso==0.8.4
petsc4py @ file:///usr/local/petsc/src/binding/petsc4py
pexpect==4.9.0
Pillow==9.0.1
pkgconfig==1.5.5
pluggy==1.5.0
ply==3.11
prompt_toolkit==3.0.44
ptyprocess==0.7.0
pure-eval==0.2.2
pybind11==2.10.1
Pygments==2.18.0
PyGObject==3.42.1
PyJWT==2.3.0
pyparsing==2.4.7
pyprecice==3.1.1
pytest==8.2.1
python-apt==2.4.0+ubuntu4
python-dateutil==2.8.1
pythran==0.10.0
pytz==2022.1
PyYAML==5.4.1
rich==13.7.1
scipy==1.8.0
SecretStorage==3.3.1
six==1.16.0
slepc4py @ file:///usr/local/slepc/src/binding/slepc4py
soupsieve==2.3.1
stack-data==0.6.3
sympy==1.9
tomli==2.0.1
traitlets==5.14.3
typing_extensions==4.12.0
ufoLib2==0.13.1
unattended-upgrades==0.1
unicodedata2==14.0.0
wadllib==1.3.6
wcwidth==0.2.13
webencodings==0.5.1
zipp==1.0.0
