Started on: Thu, 27 Nov 2025 10:15:53 +0000
Requirement already satisfied: fenicsprecice~=2.2 in ./.venv/lib/python3.10/site-packages (from -r requirements.txt (line 1)) (2.2.0)
Requirement already satisfied: numpy<2,>1 in /usr/lib/python3/dist-packages (from -r requirements.txt (line 2)) (1.21.5)
Requirement already satisfied: matplotlib in /usr/lib/python3/dist-packages (from -r requirements.txt (line 3)) (3.5.1)
Requirement already satisfied: fenics-dijitso~=2019.0 in /usr/lib/python3/dist-packages (from -r requirements.txt (line 7)) (2019.2.0.dev0)
Requirement already satisfied: fenics-dolfin~=2019.0 in /usr/lib/python3/dist-packages (from -r requirements.txt (line 8)) (2019.2.0.dev0)
Requirement already satisfied: fenics-ffc~=2019.0 in /usr/lib/python3/dist-packages (from -r requirements.txt (line 9)) (2019.2.0.dev0)
Requirement already satisfied: fenics-fiat~=2019.0 in /usr/lib/python3/dist-packages (from -r requirements.txt (line 10)) (2019.2.0.dev0)
Requirement already satisfied: fenics-ufl-legacy~=2022.0 in /usr/lib/python3/dist-packages (from -r requirements.txt (line 11)) (2022.3.0)
Requirement already satisfied: pyprecice>=3.0.0.0 in /usr/lib/python3/dist-packages (from fenicsprecice~=2.2->-r requirements.txt (line 1)) (3.1.1)
Requirement already satisfied: mpi4py<4 in /usr/lib/python3/dist-packages (from fenicsprecice~=2.2->-r requirements.txt (line 1)) (3.1.6)
Requirement already satisfied: scipy in /usr/lib/python3/dist-packages (from fenicsprecice~=2.2->-r requirements.txt (line 1)) (1.8.0)
Requirement already satisfied: pkgconfig in /usr/lib/python3/dist-packages (from fenics-dolfin~=2019.0->-r requirements.txt (line 8)) (1.5.5)
Requirement already satisfied: pybind11 in /usr/lib/python3/dist-packages (from fenics-dolfin~=2019.0->-r requirements.txt (line 8)) (2.10.1)
Requirement already satisfied: petsc4py in /usr/lib/python3/dist-packages (from fenics-dolfin~=2019.0->-r requirements.txt (line 8)) (3.19.6)
Requirement already satisfied: sympy in /usr/lib/python3/dist-packages (from fenics-fiat~=2019.0->-r requirements.txt (line 10)) (1.9)
Requirement already satisfied: Cython in /usr/lib/python3/dist-packages (from pyprecice>=3.0.0.0->fenicsprecice~=2.2->-r requirements.txt (line 1)) (0.29.32)
---[precice] [0m This is preCICE version 3.1.1
---[precice] [0m Revision info: no-info [git failed to run]
---[precice] [0m Build type: Release (without debug log)
---[precice] [0m Configuring preCICE with configuration "/root/shared/precice-config.xml"
---[precice] [0m I am participant "Solid"
---[precice] [0m Setting up primary communication to coupling partner/s
---[precice] [0m Primary ranks are connected
---[precice] [0m Setting up preliminary secondary communication to coupling partner/s
---[precice] [0m Prepare partition for mesh Solid-Mesh
---[precice] [0m Gather mesh Solid-Mesh
---[precice] [0m Send global mesh Solid-Mesh
---[precice] [0m Setting up secondary communication to coupling partner/s
---[precice] [0m Secondary ranks are connected
---[precice] [0m iteration: 1 of 20 (min 1), time-window: 1, time: 0 of 0.1, time-window-size: 0.0001, max-time-step-size: 0.0001, ongoing: yes, time-window-complete: no, write-iteration-checkpoint 
Solving nonlinear variational problem.
  *** Warning: Found no facets matching domain for boundary condition.
  Newton iteration 0: r (abs) = 0.000e+00 (tol = 1.000e-10) r (rel) = -nan (tol = 1.000e-09)
  Newton solver finished in 0 iterations and 0 linear solver iterations.
